0 info it worked if it ends with ok
1 verbose cli [ 'node', '/usr/bin/npm', 'i' ]
2 info using npm@2.2.0
3 info using node@v0.11.14
4 error install Couldn't read dependencies
5 verbose stack Error: Invalid version: "0.5"
5 verbose stack     at Object.module.exports.fixVersionField (/usr/lib/node_modules/npm/node_modules/normalize-package-data/lib/fixer.js:190:13)
5 verbose stack     at /usr/lib/node_modules/npm/node_modules/normalize-package-data/lib/normalize.js:30:38
5 verbose stack     at Array.forEach (native)
5 verbose stack     at normalize (/usr/lib/node_modules/npm/node_modules/normalize-package-data/lib/normalize.js:29:15)
5 verbose stack     at final (/usr/lib/node_modules/npm/node_modules/read-package-json/read-json.js:342:33)
5 verbose stack     at then (/usr/lib/node_modules/npm/node_modules/read-package-json/read-json.js:126:33)
5 verbose stack     at /usr/lib/node_modules/npm/node_modules/read-package-json/read-json.js:331:40
5 verbose stack     at evalmachine.<anonymous>:295:14
5 verbose stack     at /usr/lib/node_modules/npm/node_modules/graceful-fs/graceful-fs.js:102:5
5 verbose stack     at Object.oncomplete (evalmachine.<anonymous>:93:15)
6 verbose cwd /home/cyber_ua/dropbox/Dropbox/Projects/cropperJS
7 error Linux 3.13.0-46-generic
8 error argv "node" "/usr/bin/npm" "i"
9 error node v0.11.14
10 error npm  v2.2.0
11 error Invalid version: "0.5"
12 error If you need help, you may report this error at:
12 error     <http://github.com/npm/npm/issues>
13 verbose exit [ 1, true ]
